INFO    2018-08-13 12:50:42,116 [background-preinit] org.hibernate.validator.internal.util.Version  - HV000001: Hibernate Validator 5.3.6.Final
INFO    2018-08-13 12:50:48,095 [restartedMain] org.hibernate.jpa.internal.util.LogHelper  - HHH000204: Processing PersistenceUnitInfo [
	name: default
	...]
INFO    2018-08-13 12:50:48,188 [restartedMain] org.hibernate.Version  - HHH000412: Hibernate Core {5.0.12.Final}
INFO    2018-08-13 12:50:48,188 [restartedMain] org.hibernate.cfg.Environment  - HHH000206: hibernate.properties not found
INFO    2018-08-13 12:50:48,188 [restartedMain] org.hibernate.cfg.Environment  - HHH000021: Bytecode provider name : javassist
INFO    2018-08-13 12:50:48,252 [restartedMain] org.hibernate.annotations.common.Version  - HCANN000001: Hibernate Commons Annotations {5.0.1.Final}
INFO    2018-08-13 12:50:48,376 [restartedMain] org.hibernate.dialect.Dialect  - HHH000400: Using dialect: org.hibernate.dialect.Oracle10gDialect
WARN    2018-08-13 12:50:49,517 [restartedMain] org.hibernate.orm.deprecation  - HHH90000014: Found use of deprecated [org.hibernate.id.SequenceHiLoGenerator] sequence-based id generator; use org.hibernate.id.enhanced.SequenceStyleGenerator instead.  See Hibernate Domain Model Mapping Guide for details.
WARN    2018-08-13 12:50:49,517 [restartedMain] org.hibernate.orm.deprecation  - HHH90000014: Found use of deprecated [org.hibernate.id.SequenceHiLoGenerator] sequence-based id generator; use org.hibernate.id.enhanced.SequenceStyleGenerator instead.  See Hibernate Domain Model Mapping Guide for details.
WARN    2018-08-13 12:50:49,517 [restartedMain] org.hibernate.orm.deprecation  - HHH90000014: Found use of deprecated [org.hibernate.id.SequenceHiLoGenerator] sequence-based id generator; use org.hibernate.id.enhanced.SequenceStyleGenerator instead.  See Hibernate Domain Model Mapping Guide for details.
WARN    2018-08-13 12:50:49,517 [restartedMain] org.hibernate.orm.deprecation  - HHH90000014: Found use of deprecated [org.hibernate.id.SequenceHiLoGenerator] sequence-based id generator; use org.hibernate.id.enhanced.SequenceStyleGenerator instead.  See Hibernate Domain Model Mapping Guide for details.
WARN    2018-08-13 12:50:49,517 [restartedMain] org.hibernate.orm.deprecation  - HHH90000014: Found use of deprecated [org.hibernate.id.SequenceHiLoGenerator] sequence-based id generator; use org.hibernate.id.enhanced.SequenceStyleGenerator instead.  See Hibernate Domain Model Mapping Guide for details.
WARN    2018-08-13 12:50:49,517 [restartedMain] org.hibernate.orm.deprecation  - HHH90000014: Found use of deprecated [org.hibernate.id.SequenceHiLoGenerator] sequence-based id generator; use org.hibernate.id.enhanced.SequenceStyleGenerator instead.  See Hibernate Domain Model Mapping Guide for details.
WARN    2018-08-13 12:50:49,517 [restartedMain] org.hibernate.orm.deprecation  - HHH90000014: Found use of deprecated [org.hibernate.id.SequenceHiLoGenerator] sequence-based id generator; use org.hibernate.id.enhanced.SequenceStyleGenerator instead.  See Hibernate Domain Model Mapping Guide for details.
WARN    2018-08-13 12:50:49,517 [restartedMain] org.hibernate.orm.deprecation  - HHH90000014: Found use of deprecated [org.hibernate.id.SequenceHiLoGenerator] sequence-based id generator; use org.hibernate.id.enhanced.SequenceStyleGenerator instead.  See Hibernate Domain Model Mapping Guide for details.
WARN    2018-08-13 12:50:49,517 [restartedMain] org.hibernate.orm.deprecation  - HHH90000014: Found use of deprecated [org.hibernate.id.SequenceHiLoGenerator] sequence-based id generator; use org.hibernate.id.enhanced.SequenceStyleGenerator instead.  See Hibernate Domain Model Mapping Guide for details.
WARN    2018-08-13 12:50:49,517 [restartedMain] org.hibernate.orm.deprecation  - HHH90000014: Found use of deprecated [org.hibernate.id.SequenceHiLoGenerator] sequence-based id generator; use org.hibernate.id.enhanced.SequenceStyleGenerator instead.  See Hibernate Domain Model Mapping Guide for details.
INFO    2018-08-13 15:42:10,085 [background-preinit] org.hibernate.validator.internal.util.Version  - HV000001: Hibernate Validator 5.3.6.Final
INFO    2018-08-13 15:42:16,420 [restartedMain] org.hibernate.jpa.internal.util.LogHelper  - HHH000204: Processing PersistenceUnitInfo [
	name: default
	...]
INFO    2018-08-13 15:42:16,610 [restartedMain] org.hibernate.Version  - HHH000412: Hibernate Core {5.0.12.Final}
INFO    2018-08-13 15:42:16,611 [restartedMain] org.hibernate.cfg.Environment  - HHH000206: hibernate.properties not found
INFO    2018-08-13 15:42:16,612 [restartedMain] org.hibernate.cfg.Environment  - HHH000021: Bytecode provider name : javassist
INFO    2018-08-13 15:42:16,693 [restartedMain] org.hibernate.annotations.common.Version  - HCANN000001: Hibernate Commons Annotations {5.0.1.Final}
INFO    2018-08-13 15:42:16,888 [restartedMain] org.hibernate.dialect.Dialect  - HHH000400: Using dialect: org.hibernate.dialect.Oracle10gDialect
WARN    2018-08-13 15:42:17,817 [restartedMain] org.hibernate.orm.deprecation  - HHH90000014: Found use of deprecated [org.hibernate.id.SequenceHiLoGenerator] sequence-based id generator; use org.hibernate.id.enhanced.SequenceStyleGenerator instead.  See Hibernate Domain Model Mapping Guide for details.
WARN    2018-08-13 15:42:17,821 [restartedMain] org.hibernate.orm.deprecation  - HHH90000014: Found use of deprecated [org.hibernate.id.SequenceHiLoGenerator] sequence-based id generator; use org.hibernate.id.enhanced.SequenceStyleGenerator instead.  See Hibernate Domain Model Mapping Guide for details.
WARN    2018-08-13 15:42:17,821 [restartedMain] org.hibernate.orm.deprecation  - HHH90000014: Found use of deprecated [org.hibernate.id.SequenceHiLoGenerator] sequence-based id generator; use org.hibernate.id.enhanced.SequenceStyleGenerator instead.  See Hibernate Domain Model Mapping Guide for details.
WARN    2018-08-13 15:42:17,821 [restartedMain] org.hibernate.orm.deprecation  - HHH90000014: Found use of deprecated [org.hibernate.id.SequenceHiLoGenerator] sequence-based id generator; use org.hibernate.id.enhanced.SequenceStyleGenerator instead.  See Hibernate Domain Model Mapping Guide for details.
WARN    2018-08-13 15:42:17,821 [restartedMain] org.hibernate.orm.deprecation  - HHH90000014: Found use of deprecated [org.hibernate.id.SequenceHiLoGenerator] sequence-based id generator; use org.hibernate.id.enhanced.SequenceStyleGenerator instead.  See Hibernate Domain Model Mapping Guide for details.
WARN    2018-08-13 15:42:17,821 [restartedMain] org.hibernate.orm.deprecation  - HHH90000014: Found use of deprecated [org.hibernate.id.SequenceHiLoGenerator] sequence-based id generator; use org.hibernate.id.enhanced.SequenceStyleGenerator instead.  See Hibernate Domain Model Mapping Guide for details.
WARN    2018-08-13 15:42:17,821 [restartedMain] org.hibernate.orm.deprecation  - HHH90000014: Found use of deprecated [org.hibernate.id.SequenceHiLoGenerator] sequence-based id generator; use org.hibernate.id.enhanced.SequenceStyleGenerator instead.  See Hibernate Domain Model Mapping Guide for details.
WARN    2018-08-13 15:42:17,821 [restartedMain] org.hibernate.orm.deprecation  - HHH90000014: Found use of deprecated [org.hibernate.id.SequenceHiLoGenerator] sequence-based id generator; use org.hibernate.id.enhanced.SequenceStyleGenerator instead.  See Hibernate Domain Model Mapping Guide for details.
WARN    2018-08-13 15:42:17,821 [restartedMain] org.hibernate.orm.deprecation  - HHH90000014: Found use of deprecated [org.hibernate.id.SequenceHiLoGenerator] sequence-based id generator; use org.hibernate.id.enhanced.SequenceStyleGenerator instead.  See Hibernate Domain Model Mapping Guide for details.
WARN    2018-08-13 15:42:17,821 [restartedMain] org.hibernate.orm.deprecation  - HHH90000014: Found use of deprecated [org.hibernate.id.SequenceHiLoGenerator] sequence-based id generator; use org.hibernate.id.enhanced.SequenceStyleGenerator instead.  See Hibernate Domain Model Mapping Guide for details.
INFO    2018-08-13 15:44:36,619 [restartedMain] org.hibernate.jpa.internal.util.LogHelper  - HHH000204: Processing PersistenceUnitInfo [
	name: default
	...]
INFO    2018-08-13 15:44:36,667 [restartedMain] org.hibernate.dialect.Dialect  - HHH000400: Using dialect: org.hibernate.dialect.Oracle10gDialect
WARN    2018-08-13 15:44:36,894 [restartedMain] org.hibernate.orm.deprecation  - HHH90000014: Found use of deprecated [org.hibernate.id.SequenceHiLoGenerator] sequence-based id generator; use org.hibernate.id.enhanced.SequenceStyleGenerator instead.  See Hibernate Domain Model Mapping Guide for details.
WARN    2018-08-13 15:44:36,894 [restartedMain] org.hibernate.orm.deprecation  - HHH90000014: Found use of deprecated [org.hibernate.id.SequenceHiLoGenerator] sequence-based id generator; use org.hibernate.id.enhanced.SequenceStyleGenerator instead.  See Hibernate Domain Model Mapping Guide for details.
WARN    2018-08-13 15:44:36,894 [restartedMain] org.hibernate.orm.deprecation  - HHH90000014: Found use of deprecated [org.hibernate.id.SequenceHiLoGenerator] sequence-based id generator; use org.hibernate.id.enhanced.SequenceStyleGenerator instead.  See Hibernate Domain Model Mapping Guide for details.
WARN    2018-08-13 15:44:36,894 [restartedMain] org.hibernate.orm.deprecation  - HHH90000014: Found use of deprecated [org.hibernate.id.SequenceHiLoGenerator] sequence-based id generator; use org.hibernate.id.enhanced.SequenceStyleGenerator instead.  See Hibernate Domain Model Mapping Guide for details.
WARN    2018-08-13 15:44:36,894 [restartedMain] org.hibernate.orm.deprecation  - HHH90000014: Found use of deprecated [org.hibernate.id.SequenceHiLoGenerator] sequence-based id generator; use org.hibernate.id.enhanced.SequenceStyleGenerator instead.  See Hibernate Domain Model Mapping Guide for details.
WARN    2018-08-13 15:44:36,894 [restartedMain] org.hibernate.orm.deprecation  - HHH90000014: Found use of deprecated [org.hibernate.id.SequenceHiLoGenerator] sequence-based id generator; use org.hibernate.id.enhanced.SequenceStyleGenerator instead.  See Hibernate Domain Model Mapping Guide for details.
WARN    2018-08-13 15:44:36,894 [restartedMain] org.hibernate.orm.deprecation  - HHH90000014: Found use of deprecated [org.hibernate.id.SequenceHiLoGenerator] sequence-based id generator; use org.hibernate.id.enhanced.SequenceStyleGenerator instead.  See Hibernate Domain Model Mapping Guide for details.
WARN    2018-08-13 15:44:36,894 [restartedMain] org.hibernate.orm.deprecation  - HHH90000014: Found use of deprecated [org.hibernate.id.SequenceHiLoGenerator] sequence-based id generator; use org.hibernate.id.enhanced.SequenceStyleGenerator instead.  See Hibernate Domain Model Mapping Guide for details.
WARN    2018-08-13 15:44:36,894 [restartedMain] org.hibernate.orm.deprecation  - HHH90000014: Found use of deprecated [org.hibernate.id.SequenceHiLoGenerator] sequence-based id generator; use org.hibernate.id.enhanced.SequenceStyleGenerator instead.  See Hibernate Domain Model Mapping Guide for details.
WARN    2018-08-13 15:44:36,894 [restartedMain] org.hibernate.orm.deprecation  - HHH90000014: Found use of deprecated [org.hibernate.id.SequenceHiLoGenerator] sequence-based id generator; use org.hibernate.id.enhanced.SequenceStyleGenerator instead.  See Hibernate Domain Model Mapping Guide for details.
INFO    2018-08-13 15:45:10,519 [restartedMain] org.hibernate.jpa.internal.util.LogHelper  - HHH000204: Processing PersistenceUnitInfo [
	name: default
	...]
INFO    2018-08-13 15:45:10,538 [restartedMain] org.hibernate.dialect.Dialect  - HHH000400: Using dialect: org.hibernate.dialect.Oracle10gDialect
WARN    2018-08-13 15:45:10,795 [restartedMain] org.hibernate.orm.deprecation  - HHH90000014: Found use of deprecated [org.hibernate.id.SequenceHiLoGenerator] sequence-based id generator; use org.hibernate.id.enhanced.SequenceStyleGenerator instead.  See Hibernate Domain Model Mapping Guide for details.
WARN    2018-08-13 15:45:10,795 [restartedMain] org.hibernate.orm.deprecation  - HHH90000014: Found use of deprecated [org.hibernate.id.SequenceHiLoGenerator] sequence-based id generator; use org.hibernate.id.enhanced.SequenceStyleGenerator instead.  See Hibernate Domain Model Mapping Guide for details.
WARN    2018-08-13 15:45:10,795 [restartedMain] org.hibernate.orm.deprecation  - HHH90000014: Found use of deprecated [org.hibernate.id.SequenceHiLoGenerator] sequence-based id generator; use org.hibernate.id.enhanced.SequenceStyleGenerator instead.  See Hibernate Domain Model Mapping Guide for details.
WARN    2018-08-13 15:45:10,795 [restartedMain] org.hibernate.orm.deprecation  - HHH90000014: Found use of deprecated [org.hibernate.id.SequenceHiLoGenerator] sequence-based id generator; use org.hibernate.id.enhanced.SequenceStyleGenerator instead.  See Hibernate Domain Model Mapping Guide for details.
WARN    2018-08-13 15:45:10,795 [restartedMain] org.hibernate.orm.deprecation  - HHH90000014: Found use of deprecated [org.hibernate.id.SequenceHiLoGenerator] sequence-based id generator; use org.hibernate.id.enhanced.SequenceStyleGenerator instead.  See Hibernate Domain Model Mapping Guide for details.
WARN    2018-08-13 15:45:10,795 [restartedMain] org.hibernate.orm.deprecation  - HHH90000014: Found use of deprecated [org.hibernate.id.SequenceHiLoGenerator] sequence-based id generator; use org.hibernate.id.enhanced.SequenceStyleGenerator instead.  See Hibernate Domain Model Mapping Guide for details.
WARN    2018-08-13 15:45:10,795 [restartedMain] org.hibernate.orm.deprecation  - HHH90000014: Found use of deprecated [org.hibernate.id.SequenceHiLoGenerator] sequence-based id generator; use org.hibernate.id.enhanced.SequenceStyleGenerator instead.  See Hibernate Domain Model Mapping Guide for details.
WARN    2018-08-13 15:45:10,795 [restartedMain] org.hibernate.orm.deprecation  - HHH90000014: Found use of deprecated [org.hibernate.id.SequenceHiLoGenerator] sequence-based id generator; use org.hibernate.id.enhanced.SequenceStyleGenerator instead.  See Hibernate Domain Model Mapping Guide for details.
WARN    2018-08-13 15:45:10,795 [restartedMain] org.hibernate.orm.deprecation  - HHH90000014: Found use of deprecated [org.hibernate.id.SequenceHiLoGenerator] sequence-based id generator; use org.hibernate.id.enhanced.SequenceStyleGenerator instead.  See Hibernate Domain Model Mapping Guide for details.
WARN    2018-08-13 15:45:10,795 [restartedMain] org.hibernate.orm.deprecation  - HHH90000014: Found use of deprecated [org.hibernate.id.SequenceHiLoGenerator] sequence-based id generator; use org.hibernate.id.enhanced.SequenceStyleGenerator instead.  See Hibernate Domain Model Mapping Guide for details.
INFO    2018-08-13 15:45:52,143 [background-preinit] org.hibernate.validator.internal.util.Version  - HV000001: Hibernate Validator 5.3.6.Final
INFO    2018-08-13 15:45:58,095 [restartedMain] org.hibernate.jpa.internal.util.LogHelper  - HHH000204: Processing PersistenceUnitInfo [
	name: default
	...]
INFO    2018-08-13 15:45:58,186 [restartedMain] org.hibernate.Version  - HHH000412: Hibernate Core {5.0.12.Final}
INFO    2018-08-13 15:45:58,188 [restartedMain] org.hibernate.cfg.Environment  - HHH000206: hibernate.properties not found
INFO    2018-08-13 15:45:58,188 [restartedMain] org.hibernate.cfg.Environment  - HHH000021: Bytecode provider name : javassist
INFO    2018-08-13 15:45:58,250 [restartedMain] org.hibernate.annotations.common.Version  - HCANN000001: Hibernate Commons Annotations {5.0.1.Final}
INFO    2018-08-13 15:45:58,377 [restartedMain] org.hibernate.dialect.Dialect  - HHH000400: Using dialect: org.hibernate.dialect.Oracle10gDialect
WARN    2018-08-13 15:45:58,868 [restartedMain] org.hibernate.orm.deprecation  - HHH90000014: Found use of deprecated [org.hibernate.id.SequenceHiLoGenerator] sequence-based id generator; use org.hibernate.id.enhanced.SequenceStyleGenerator instead.  See Hibernate Domain Model Mapping Guide for details.
WARN    2018-08-13 15:45:58,872 [restartedMain] org.hibernate.orm.deprecation  - HHH90000014: Found use of deprecated [org.hibernate.id.SequenceHiLoGenerator] sequence-based id generator; use org.hibernate.id.enhanced.SequenceStyleGenerator instead.  See Hibernate Domain Model Mapping Guide for details.
WARN    2018-08-13 15:45:58,872 [restartedMain] org.hibernate.orm.deprecation  - HHH90000014: Found use of deprecated [org.hibernate.id.SequenceHiLoGenerator] sequence-based id generator; use org.hibernate.id.enhanced.SequenceStyleGenerator instead.  See Hibernate Domain Model Mapping Guide for details.
WARN    2018-08-13 15:45:58,872 [restartedMain] org.hibernate.orm.deprecation  - HHH90000014: Found use of deprecated [org.hibernate.id.SequenceHiLoGenerator] sequence-based id generator; use org.hibernate.id.enhanced.SequenceStyleGenerator instead.  See Hibernate Domain Model Mapping Guide for details.
WARN    2018-08-13 15:45:58,873 [restartedMain] org.hibernate.orm.deprecation  - HHH90000014: Found use of deprecated [org.hibernate.id.SequenceHiLoGenerator] sequence-based id generator; use org.hibernate.id.enhanced.SequenceStyleGenerator instead.  See Hibernate Domain Model Mapping Guide for details.
WARN    2018-08-13 15:45:58,873 [restartedMain] org.hibernate.orm.deprecation  - HHH90000014: Found use of deprecated [org.hibernate.id.SequenceHiLoGenerator] sequence-based id generator; use org.hibernate.id.enhanced.SequenceStyleGenerator instead.  See Hibernate Domain Model Mapping Guide for details.
WARN    2018-08-13 15:45:58,873 [restartedMain] org.hibernate.orm.deprecation  - HHH90000014: Found use of deprecated [org.hibernate.id.SequenceHiLoGenerator] sequence-based id generator; use org.hibernate.id.enhanced.SequenceStyleGenerator instead.  See Hibernate Domain Model Mapping Guide for details.
WARN    2018-08-13 15:45:58,873 [restartedMain] org.hibernate.orm.deprecation  - HHH90000014: Found use of deprecated [org.hibernate.id.SequenceHiLoGenerator] sequence-based id generator; use org.hibernate.id.enhanced.SequenceStyleGenerator instead.  See Hibernate Domain Model Mapping Guide for details.
WARN    2018-08-13 15:45:58,873 [restartedMain] org.hibernate.orm.deprecation  - HHH90000014: Found use of deprecated [org.hibernate.id.SequenceHiLoGenerator] sequence-based id generator; use org.hibernate.id.enhanced.SequenceStyleGenerator instead.  See Hibernate Domain Model Mapping Guide for details.
WARN    2018-08-13 15:45:58,873 [restartedMain] org.hibernate.orm.deprecation  - HHH90000014: Found use of deprecated [org.hibernate.id.SequenceHiLoGenerator] sequence-based id generator; use org.hibernate.id.enhanced.SequenceStyleGenerator instead.  See Hibernate Domain Model Mapping Guide for details.
INFO    2018-08-13 15:50:11,405 [restartedMain] org.hibernate.jpa.internal.util.LogHelper  - HHH000204: Processing PersistenceUnitInfo [
	name: default
	...]
INFO    2018-08-13 15:50:11,423 [restartedMain] org.hibernate.dialect.Dialect  - HHH000400: Using dialect: org.hibernate.dialect.Oracle10gDialect
WARN    2018-08-13 15:50:11,648 [restartedMain] org.hibernate.orm.deprecation  - HHH90000014: Found use of deprecated [org.hibernate.id.SequenceHiLoGenerator] sequence-based id generator; use org.hibernate.id.enhanced.SequenceStyleGenerator instead.  See Hibernate Domain Model Mapping Guide for details.
WARN    2018-08-13 15:50:11,648 [restartedMain] org.hibernate.orm.deprecation  - HHH90000014: Found use of deprecated [org.hibernate.id.SequenceHiLoGenerator] sequence-based id generator; use org.hibernate.id.enhanced.SequenceStyleGenerator instead.  See Hibernate Domain Model Mapping Guide for details.
WARN    2018-08-13 15:50:11,648 [restartedMain] org.hibernate.orm.deprecation  - HHH90000014: Found use of deprecated [org.hibernate.id.SequenceHiLoGenerator] sequence-based id generator; use org.hibernate.id.enhanced.SequenceStyleGenerator instead.  See Hibernate Domain Model Mapping Guide for details.
WARN    2018-08-13 15:50:11,649 [restartedMain] org.hibernate.orm.deprecation  - HHH90000014: Found use of deprecated [org.hibernate.id.SequenceHiLoGenerator] sequence-based id generator; use org.hibernate.id.enhanced.SequenceStyleGenerator instead.  See Hibernate Domain Model Mapping Guide for details.
WARN    2018-08-13 15:50:11,649 [restartedMain] org.hibernate.orm.deprecation  - HHH90000014: Found use of deprecated [org.hibernate.id.SequenceHiLoGenerator] sequence-based id generator; use org.hibernate.id.enhanced.SequenceStyleGenerator instead.  See Hibernate Domain Model Mapping Guide for details.
WARN    2018-08-13 15:50:11,649 [restartedMain] org.hibernate.orm.deprecation  - HHH90000014: Found use of deprecated [org.hibernate.id.SequenceHiLoGenerator] sequence-based id generator; use org.hibernate.id.enhanced.SequenceStyleGenerator instead.  See Hibernate Domain Model Mapping Guide for details.
WARN    2018-08-13 15:50:11,649 [restartedMain] org.hibernate.orm.deprecation  - HHH90000014: Found use of deprecated [org.hibernate.id.SequenceHiLoGenerator] sequence-based id generator; use org.hibernate.id.enhanced.SequenceStyleGenerator instead.  See Hibernate Domain Model Mapping Guide for details.
WARN    2018-08-13 15:50:11,649 [restartedMain] org.hibernate.orm.deprecation  - HHH90000014: Found use of deprecated [org.hibernate.id.SequenceHiLoGenerator] sequence-based id generator; use org.hibernate.id.enhanced.SequenceStyleGenerator instead.  See Hibernate Domain Model Mapping Guide for details.
WARN    2018-08-13 15:50:11,649 [restartedMain] org.hibernate.orm.deprecation  - HHH90000014: Found use of deprecated [org.hibernate.id.SequenceHiLoGenerator] sequence-based id generator; use org.hibernate.id.enhanced.SequenceStyleGenerator instead.  See Hibernate Domain Model Mapping Guide for details.
WARN    2018-08-13 15:50:11,650 [restartedMain] org.hibernate.orm.deprecation  - HHH90000014: Found use of deprecated [org.hibernate.id.SequenceHiLoGenerator] sequence-based id generator; use org.hibernate.id.enhanced.SequenceStyleGenerator instead.  See Hibernate Domain Model Mapping Guide for details.
INFO    2018-08-13 15:51:12,022 [restartedMain] org.hibernate.jpa.internal.util.LogHelper  - HHH000204: Processing PersistenceUnitInfo [
	name: default
	...]
INFO    2018-08-13 15:51:12,038 [restartedMain] org.hibernate.dialect.Dialect  - HHH000400: Using dialect: org.hibernate.dialect.Oracle10gDialect
WARN    2018-08-13 15:51:12,249 [restartedMain] org.hibernate.orm.deprecation  - HHH90000014: Found use of deprecated [org.hibernate.id.SequenceHiLoGenerator] sequence-based id generator; use org.hibernate.id.enhanced.SequenceStyleGenerator instead.  See Hibernate Domain Model Mapping Guide for details.
WARN    2018-08-13 15:51:12,249 [restartedMain] org.hibernate.orm.deprecation  - HHH90000014: Found use of deprecated [org.hibernate.id.SequenceHiLoGenerator] sequence-based id generator; use org.hibernate.id.enhanced.SequenceStyleGenerator instead.  See Hibernate Domain Model Mapping Guide for details.
WARN    2018-08-13 15:51:12,249 [restartedMain] org.hibernate.orm.deprecation  - HHH90000014: Found use of deprecated [org.hibernate.id.SequenceHiLoGenerator] sequence-based id generator; use org.hibernate.id.enhanced.SequenceStyleGenerator instead.  See Hibernate Domain Model Mapping Guide for details.
WARN    2018-08-13 15:51:12,249 [restartedMain] org.hibernate.orm.deprecation  - HHH90000014: Found use of deprecated [org.hibernate.id.SequenceHiLoGenerator] sequence-based id generator; use org.hibernate.id.enhanced.SequenceStyleGenerator instead.  See Hibernate Domain Model Mapping Guide for details.
WARN    2018-08-13 15:51:12,249 [restartedMain] org.hibernate.orm.deprecation  - HHH90000014: Found use of deprecated [org.hibernate.id.SequenceHiLoGenerator] sequence-based id generator; use org.hibernate.id.enhanced.SequenceStyleGenerator instead.  See Hibernate Domain Model Mapping Guide for details.
WARN    2018-08-13 15:51:12,249 [restartedMain] org.hibernate.orm.deprecation  - HHH90000014: Found use of deprecated [org.hibernate.id.SequenceHiLoGenerator] sequence-based id generator; use org.hibernate.id.enhanced.SequenceStyleGenerator instead.  See Hibernate Domain Model Mapping Guide for details.
WARN    2018-08-13 15:51:12,249 [restartedMain] org.hibernate.orm.deprecation  - HHH90000014: Found use of deprecated [org.hibernate.id.SequenceHiLoGenerator] sequence-based id generator; use org.hibernate.id.enhanced.SequenceStyleGenerator instead.  See Hibernate Domain Model Mapping Guide for details.
WARN    2018-08-13 15:51:12,249 [restartedMain] org.hibernate.orm.deprecation  - HHH90000014: Found use of deprecated [org.hibernate.id.SequenceHiLoGenerator] sequence-based id generator; use org.hibernate.id.enhanced.SequenceStyleGenerator instead.  See Hibernate Domain Model Mapping Guide for details.
WARN    2018-08-13 15:51:12,249 [restartedMain] org.hibernate.orm.deprecation  - HHH90000014: Found use of deprecated [org.hibernate.id.SequenceHiLoGenerator] sequence-based id generator; use org.hibernate.id.enhanced.SequenceStyleGenerator instead.  See Hibernate Domain Model Mapping Guide for details.
WARN    2018-08-13 15:51:12,249 [restartedMain] org.hibernate.orm.deprecation  - HHH90000014: Found use of deprecated [org.hibernate.id.SequenceHiLoGenerator] sequence-based id generator; use org.hibernate.id.enhanced.SequenceStyleGenerator instead.  See Hibernate Domain Model Mapping Guide for details.
INFO    2018-08-13 15:52:07,108 [background-preinit] org.hibernate.validator.internal.util.Version  - HV000001: Hibernate Validator 5.3.6.Final
INFO    2018-08-13 15:52:13,056 [restartedMain] org.hibernate.jpa.internal.util.LogHelper  - HHH000204: Processing PersistenceUnitInfo [
	name: default
	...]
INFO    2018-08-13 15:52:13,150 [restartedMain] org.hibernate.Version  - HHH000412: Hibernate Core {5.0.12.Final}
INFO    2018-08-13 15:52:13,152 [restartedMain] org.hibernate.cfg.Environment  - HHH000206: hibernate.properties not found
INFO    2018-08-13 15:52:13,153 [restartedMain] org.hibernate.cfg.Environment  - HHH000021: Bytecode provider name : javassist
INFO    2018-08-13 15:52:13,208 [restartedMain] org.hibernate.annotations.common.Version  - HCANN000001: Hibernate Commons Annotations {5.0.1.Final}
INFO    2018-08-13 15:52:13,337 [restartedMain] org.hibernate.dialect.Dialect  - HHH000400: Using dialect: org.hibernate.dialect.Oracle10gDialect
WARN    2018-08-13 15:52:13,814 [restartedMain] org.hibernate.orm.deprecation  - HHH90000014: Found use of deprecated [org.hibernate.id.SequenceHiLoGenerator] sequence-based id generator; use org.hibernate.id.enhanced.SequenceStyleGenerator instead.  See Hibernate Domain Model Mapping Guide for details.
WARN    2018-08-13 15:52:13,817 [restartedMain] org.hibernate.orm.deprecation  - HHH90000014: Found use of deprecated [org.hibernate.id.SequenceHiLoGenerator] sequence-based id generator; use org.hibernate.id.enhanced.SequenceStyleGenerator instead.  See Hibernate Domain Model Mapping Guide for details.
WARN    2018-08-13 15:52:13,817 [restartedMain] org.hibernate.orm.deprecation  - HHH90000014: Found use of deprecated [org.hibernate.id.SequenceHiLoGenerator] sequence-based id generator; use org.hibernate.id.enhanced.SequenceStyleGenerator instead.  See Hibernate Domain Model Mapping Guide for details.
WARN    2018-08-13 15:52:13,817 [restartedMain] org.hibernate.orm.deprecation  - HHH90000014: Found use of deprecated [org.hibernate.id.SequenceHiLoGenerator] sequence-based id generator; use org.hibernate.id.enhanced.SequenceStyleGenerator instead.  See Hibernate Domain Model Mapping Guide for details.
WARN    2018-08-13 15:52:13,817 [restartedMain] org.hibernate.orm.deprecation  - HHH90000014: Found use of deprecated [org.hibernate.id.SequenceHiLoGenerator] sequence-based id generator; use org.hibernate.id.enhanced.SequenceStyleGenerator instead.  See Hibernate Domain Model Mapping Guide for details.
WARN    2018-08-13 15:52:13,817 [restartedMain] org.hibernate.orm.deprecation  - HHH90000014: Found use of deprecated [org.hibernate.id.SequenceHiLoGenerator] sequence-based id generator; use org.hibernate.id.enhanced.SequenceStyleGenerator instead.  See Hibernate Domain Model Mapping Guide for details.
WARN    2018-08-13 15:52:13,817 [restartedMain] org.hibernate.orm.deprecation  - HHH90000014: Found use of deprecated [org.hibernate.id.SequenceHiLoGenerator] sequence-based id generator; use org.hibernate.id.enhanced.SequenceStyleGenerator instead.  See Hibernate Domain Model Mapping Guide for details.
WARN    2018-08-13 15:52:13,817 [restartedMain] org.hibernate.orm.deprecation  - HHH90000014: Found use of deprecated [org.hibernate.id.SequenceHiLoGenerator] sequence-based id generator; use org.hibernate.id.enhanced.SequenceStyleGenerator instead.  See Hibernate Domain Model Mapping Guide for details.
WARN    2018-08-13 15:52:13,817 [restartedMain] org.hibernate.orm.deprecation  - HHH90000014: Found use of deprecated [org.hibernate.id.SequenceHiLoGenerator] sequence-based id generator; use org.hibernate.id.enhanced.SequenceStyleGenerator instead.  See Hibernate Domain Model Mapping Guide for details.
WARN    2018-08-13 15:52:13,817 [restartedMain] org.hibernate.orm.deprecation  - HHH90000014: Found use of deprecated [org.hibernate.id.SequenceHiLoGenerator] sequence-based id generator; use org.hibernate.id.enhanced.SequenceStyleGenerator instead.  See Hibernate Domain Model Mapping Guide for details.
INFO    2018-08-14 08:35:53,499 [background-preinit] org.hibernate.validator.internal.util.Version  - HV000001: Hibernate Validator 5.3.6.Final
INFO    2018-08-14 08:36:00,647 [restartedMain] org.hibernate.jpa.internal.util.LogHelper  - HHH000204: Processing PersistenceUnitInfo [
	name: default
	...]
INFO    2018-08-14 08:36:00,726 [restartedMain] org.hibernate.Version  - HHH000412: Hibernate Core {5.0.12.Final}
INFO    2018-08-14 08:36:00,742 [restartedMain] org.hibernate.cfg.Environment  - HHH000206: hibernate.properties not found
INFO    2018-08-14 08:36:00,742 [restartedMain] org.hibernate.cfg.Environment  - HHH000021: Bytecode provider name : javassist
INFO    2018-08-14 08:36:00,788 [restartedMain] org.hibernate.annotations.common.Version  - HCANN000001: Hibernate Commons Annotations {5.0.1.Final}
INFO    2018-08-14 08:36:00,929 [restartedMain] org.hibernate.dialect.Dialect  - HHH000400: Using dialect: org.hibernate.dialect.Oracle10gDialect
WARN    2018-08-14 08:36:02,382 [restartedMain] org.hibernate.orm.deprecation  - HHH90000014: Found use of deprecated [org.hibernate.id.SequenceHiLoGenerator] sequence-based id generator; use org.hibernate.id.enhanced.SequenceStyleGenerator instead.  See Hibernate Domain Model Mapping Guide for details.
WARN    2018-08-14 08:36:02,382 [restartedMain] org.hibernate.orm.deprecation  - HHH90000014: Found use of deprecated [org.hibernate.id.SequenceHiLoGenerator] sequence-based id generator; use org.hibernate.id.enhanced.SequenceStyleGenerator instead.  See Hibernate Domain Model Mapping Guide for details.
WARN    2018-08-14 08:36:02,382 [restartedMain] org.hibernate.orm.deprecation  - HHH90000014: Found use of deprecated [org.hibernate.id.SequenceHiLoGenerator] sequence-based id generator; use org.hibernate.id.enhanced.SequenceStyleGenerator instead.  See Hibernate Domain Model Mapping Guide for details.
WARN    2018-08-14 08:36:02,382 [restartedMain] org.hibernate.orm.deprecation  - HHH90000014: Found use of deprecated [org.hibernate.id.SequenceHiLoGenerator] sequence-based id generator; use org.hibernate.id.enhanced.SequenceStyleGenerator instead.  See Hibernate Domain Model Mapping Guide for details.
WARN    2018-08-14 08:36:02,382 [restartedMain] org.hibernate.orm.deprecation  - HHH90000014: Found use of deprecated [org.hibernate.id.SequenceHiLoGenerator] sequence-based id generator; use org.hibernate.id.enhanced.SequenceStyleGenerator instead.  See Hibernate Domain Model Mapping Guide for details.
WARN    2018-08-14 08:36:02,382 [restartedMain] org.hibernate.orm.deprecation  - HHH90000014: Found use of deprecated [org.hibernate.id.SequenceHiLoGenerator] sequence-based id generator; use org.hibernate.id.enhanced.SequenceStyleGenerator instead.  See Hibernate Domain Model Mapping Guide for details.
WARN    2018-08-14 08:36:02,382 [restartedMain] org.hibernate.orm.deprecation  - HHH90000014: Found use of deprecated [org.hibernate.id.SequenceHiLoGenerator] sequence-based id generator; use org.hibernate.id.enhanced.SequenceStyleGenerator instead.  See Hibernate Domain Model Mapping Guide for details.
WARN    2018-08-14 08:36:02,382 [restartedMain] org.hibernate.orm.deprecation  - HHH90000014: Found use of deprecated [org.hibernate.id.SequenceHiLoGenerator] sequence-based id generator; use org.hibernate.id.enhanced.SequenceStyleGenerator instead.  See Hibernate Domain Model Mapping Guide for details.
WARN    2018-08-14 08:36:02,397 [restartedMain] org.hibernate.orm.deprecation  - HHH90000014: Found use of deprecated [org.hibernate.id.SequenceHiLoGenerator] sequence-based id generator; use org.hibernate.id.enhanced.SequenceStyleGenerator instead.  See Hibernate Domain Model Mapping Guide for details.
WARN    2018-08-14 08:36:02,397 [restartedMain] org.hibernate.orm.deprecation  - HHH90000014: Found use of deprecated [org.hibernate.id.SequenceHiLoGenerator] sequence-based id generator; use org.hibernate.id.enhanced.SequenceStyleGenerator instead.  See Hibernate Domain Model Mapping Guide for details.
INFO    2018-08-14 08:36:37,298 [restartedMain] org.hibernate.jpa.internal.util.LogHelper  - HHH000204: Processing PersistenceUnitInfo [
	name: default
	...]
INFO    2018-08-14 08:36:37,319 [restartedMain] org.hibernate.dialect.Dialect  - HHH000400: Using dialect: org.hibernate.dialect.Oracle10gDialect
WARN    2018-08-14 08:36:37,538 [restartedMain] org.hibernate.orm.deprecation  - HHH90000014: Found use of deprecated [org.hibernate.id.SequenceHiLoGenerator] sequence-based id generator; use org.hibernate.id.enhanced.SequenceStyleGenerator instead.  See Hibernate Domain Model Mapping Guide for details.
WARN    2018-08-14 08:36:37,538 [restartedMain] org.hibernate.orm.deprecation  - HHH90000014: Found use of deprecated [org.hibernate.id.SequenceHiLoGenerator] sequence-based id generator; use org.hibernate.id.enhanced.SequenceStyleGenerator instead.  See Hibernate Domain Model Mapping Guide for details.
WARN    2018-08-14 08:36:37,538 [restartedMain] org.hibernate.orm.deprecation  - HHH90000014: Found use of deprecated [org.hibernate.id.SequenceHiLoGenerator] sequence-based id generator; use org.hibernate.id.enhanced.SequenceStyleGenerator instead.  See Hibernate Domain Model Mapping Guide for details.
WARN    2018-08-14 08:36:37,538 [restartedMain] org.hibernate.orm.deprecation  - HHH90000014: Found use of deprecated [org.hibernate.id.SequenceHiLoGenerator] sequence-based id generator; use org.hibernate.id.enhanced.SequenceStyleGenerator instead.  See Hibernate Domain Model Mapping Guide for details.
WARN    2018-08-14 08:36:37,538 [restartedMain] org.hibernate.orm.deprecation  - HHH90000014: Found use of deprecated [org.hibernate.id.SequenceHiLoGenerator] sequence-based id generator; use org.hibernate.id.enhanced.SequenceStyleGenerator instead.  See Hibernate Domain Model Mapping Guide for details.
WARN    2018-08-14 08:36:37,538 [restartedMain] org.hibernate.orm.deprecation  - HHH90000014: Found use of deprecated [org.hibernate.id.SequenceHiLoGenerator] sequence-based id generator; use org.hibernate.id.enhanced.SequenceStyleGenerator instead.  See Hibernate Domain Model Mapping Guide for details.
WARN    2018-08-14 08:36:37,538 [restartedMain] org.hibernate.orm.deprecation  - HHH90000014: Found use of deprecated [org.hibernate.id.SequenceHiLoGenerator] sequence-based id generator; use org.hibernate.id.enhanced.SequenceStyleGenerator instead.  See Hibernate Domain Model Mapping Guide for details.
WARN    2018-08-14 08:36:37,538 [restartedMain] org.hibernate.orm.deprecation  - HHH90000014: Found use of deprecated [org.hibernate.id.SequenceHiLoGenerator] sequence-based id generator; use org.hibernate.id.enhanced.SequenceStyleGenerator instead.  See Hibernate Domain Model Mapping Guide for details.
WARN    2018-08-14 08:36:37,538 [restartedMain] org.hibernate.orm.deprecation  - HHH90000014: Found use of deprecated [org.hibernate.id.SequenceHiLoGenerator] sequence-based id generator; use org.hibernate.id.enhanced.SequenceStyleGenerator instead.  See Hibernate Domain Model Mapping Guide for details.
WARN    2018-08-14 08:36:37,538 [restartedMain] org.hibernate.orm.deprecation  - HHH90000014: Found use of deprecated [org.hibernate.id.SequenceHiLoGenerator] sequence-based id generator; use org.hibernate.id.enhanced.SequenceStyleGenerator instead.  See Hibernate Domain Model Mapping Guide for details.
INFO    2018-08-14 08:41:15,290 [background-preinit] org.hibernate.validator.internal.util.Version  - HV000001: Hibernate Validator 5.3.6.Final
INFO    2018-08-14 08:41:21,198 [restartedMain] org.hibernate.jpa.internal.util.LogHelper  - HHH000204: Processing PersistenceUnitInfo [
	name: default
	...]
INFO    2018-08-14 08:41:21,286 [restartedMain] org.hibernate.Version  - HHH000412: Hibernate Core {5.0.12.Final}
INFO    2018-08-14 08:41:21,286 [restartedMain] org.hibernate.cfg.Environment  - HHH000206: hibernate.properties not found
INFO    2018-08-14 08:41:21,286 [restartedMain] org.hibernate.cfg.Environment  - HHH000021: Bytecode provider name : javassist
INFO    2018-08-14 08:41:21,348 [restartedMain] org.hibernate.annotations.common.Version  - HCANN000001: Hibernate Commons Annotations {5.0.1.Final}
INFO    2018-08-14 08:41:21,474 [restartedMain] org.hibernate.dialect.Dialect  - HHH000400: Using dialect: org.hibernate.dialect.Oracle10gDialect
WARN    2018-08-14 08:41:21,958 [restartedMain] org.hibernate.orm.deprecation  - HHH90000014: Found use of deprecated [org.hibernate.id.SequenceHiLoGenerator] sequence-based id generator; use org.hibernate.id.enhanced.SequenceStyleGenerator instead.  See Hibernate Domain Model Mapping Guide for details.
WARN    2018-08-14 08:41:21,958 [restartedMain] org.hibernate.orm.deprecation  - HHH90000014: Found use of deprecated [org.hibernate.id.SequenceHiLoGenerator] sequence-based id generator; use org.hibernate.id.enhanced.SequenceStyleGenerator instead.  See Hibernate Domain Model Mapping Guide for details.
WARN    2018-08-14 08:41:21,958 [restartedMain] org.hibernate.orm.deprecation  - HHH90000014: Found use of deprecated [org.hibernate.id.SequenceHiLoGenerator] sequence-based id generator; use org.hibernate.id.enhanced.SequenceStyleGenerator instead.  See Hibernate Domain Model Mapping Guide for details.
WARN    2018-08-14 08:41:21,958 [restartedMain] org.hibernate.orm.deprecation  - HHH90000014: Found use of deprecated [org.hibernate.id.SequenceHiLoGenerator] sequence-based id generator; use org.hibernate.id.enhanced.SequenceStyleGenerator instead.  See Hibernate Domain Model Mapping Guide for details.
WARN    2018-08-14 08:41:21,958 [restartedMain] org.hibernate.orm.deprecation  - HHH90000014: Found use of deprecated [org.hibernate.id.SequenceHiLoGenerator] sequence-based id generator; use org.hibernate.id.enhanced.SequenceStyleGenerator instead.  See Hibernate Domain Model Mapping Guide for details.
WARN    2018-08-14 08:41:21,958 [restartedMain] org.hibernate.orm.deprecation  - HHH90000014: Found use of deprecated [org.hibernate.id.SequenceHiLoGenerator] sequence-based id generator; use org.hibernate.id.enhanced.SequenceStyleGenerator instead.  See Hibernate Domain Model Mapping Guide for details.
WARN    2018-08-14 08:41:21,958 [restartedMain] org.hibernate.orm.deprecation  - HHH90000014: Found use of deprecated [org.hibernate.id.SequenceHiLoGenerator] sequence-based id generator; use org.hibernate.id.enhanced.SequenceStyleGenerator instead.  See Hibernate Domain Model Mapping Guide for details.
WARN    2018-08-14 08:41:21,958 [restartedMain] org.hibernate.orm.deprecation  - HHH90000014: Found use of deprecated [org.hibernate.id.SequenceHiLoGenerator] sequence-based id generator; use org.hibernate.id.enhanced.SequenceStyleGenerator instead.  See Hibernate Domain Model Mapping Guide for details.
WARN    2018-08-14 08:41:21,958 [restartedMain] org.hibernate.orm.deprecation  - HHH90000014: Found use of deprecated [org.hibernate.id.SequenceHiLoGenerator] sequence-based id generator; use org.hibernate.id.enhanced.SequenceStyleGenerator instead.  See Hibernate Domain Model Mapping Guide for details.
WARN    2018-08-14 08:41:21,958 [restartedMain] org.hibernate.orm.deprecation  - HHH90000014: Found use of deprecated [org.hibernate.id.SequenceHiLoGenerator] sequence-based id generator; use org.hibernate.id.enhanced.SequenceStyleGenerator instead.  See Hibernate Domain Model Mapping Guide for details.
INFO    2018-08-14 08:42:38,728 [restartedMain] org.hibernate.jpa.internal.util.LogHelper  - HHH000204: Processing PersistenceUnitInfo [
	name: default
	...]
INFO    2018-08-14 08:42:38,736 [restartedMain] org.hibernate.dialect.Dialect  - HHH000400: Using dialect: org.hibernate.dialect.Oracle10gDialect
WARN    2018-08-14 08:42:38,952 [restartedMain] org.hibernate.orm.deprecation  - HHH90000014: Found use of deprecated [org.hibernate.id.SequenceHiLoGenerator] sequence-based id generator; use org.hibernate.id.enhanced.SequenceStyleGenerator instead.  See Hibernate Domain Model Mapping Guide for details.
WARN    2018-08-14 08:42:38,952 [restartedMain] org.hibernate.orm.deprecation  - HHH90000014: Found use of deprecated [org.hibernate.id.SequenceHiLoGenerator] sequence-based id generator; use org.hibernate.id.enhanced.SequenceStyleGenerator instead.  See Hibernate Domain Model Mapping Guide for details.
WARN    2018-08-14 08:42:38,952 [restartedMain] org.hibernate.orm.deprecation  - HHH90000014: Found use of deprecated [org.hibernate.id.SequenceHiLoGenerator] sequence-based id generator; use org.hibernate.id.enhanced.SequenceStyleGenerator instead.  See Hibernate Domain Model Mapping Guide for details.
WARN    2018-08-14 08:42:38,952 [restartedMain] org.hibernate.orm.deprecation  - HHH90000014: Found use of deprecated [org.hibernate.id.SequenceHiLoGenerator] sequence-based id generator; use org.hibernate.id.enhanced.SequenceStyleGenerator instead.  See Hibernate Domain Model Mapping Guide for details.
WARN    2018-08-14 08:42:38,952 [restartedMain] org.hibernate.orm.deprecation  - HHH90000014: Found use of deprecated [org.hibernate.id.SequenceHiLoGenerator] sequence-based id generator; use org.hibernate.id.enhanced.SequenceStyleGenerator instead.  See Hibernate Domain Model Mapping Guide for details.
WARN    2018-08-14 08:42:38,952 [restartedMain] org.hibernate.orm.deprecation  - HHH90000014: Found use of deprecated [org.hibernate.id.SequenceHiLoGenerator] sequence-based id generator; use org.hibernate.id.enhanced.SequenceStyleGenerator instead.  See Hibernate Domain Model Mapping Guide for details.
WARN    2018-08-14 08:42:38,952 [restartedMain] org.hibernate.orm.deprecation  - HHH90000014: Found use of deprecated [org.hibernate.id.SequenceHiLoGenerator] sequence-based id generator; use org.hibernate.id.enhanced.SequenceStyleGenerator instead.  See Hibernate Domain Model Mapping Guide for details.
WARN    2018-08-14 08:42:38,952 [restartedMain] org.hibernate.orm.deprecation  - HHH90000014: Found use of deprecated [org.hibernate.id.SequenceHiLoGenerator] sequence-based id generator; use org.hibernate.id.enhanced.SequenceStyleGenerator instead.  See Hibernate Domain Model Mapping Guide for details.
WARN    2018-08-14 08:42:38,952 [restartedMain] org.hibernate.orm.deprecation  - HHH90000014: Found use of deprecated [org.hibernate.id.SequenceHiLoGenerator] sequence-based id generator; use org.hibernate.id.enhanced.SequenceStyleGenerator instead.  See Hibernate Domain Model Mapping Guide for details.
WARN    2018-08-14 08:42:38,952 [restartedMain] org.hibernate.orm.deprecation  - HHH90000014: Found use of deprecated [org.hibernate.id.SequenceHiLoGenerator] sequence-based id generator; use org.hibernate.id.enhanced.SequenceStyleGenerator instead.  See Hibernate Domain Model Mapping Guide for details.
INFO    2018-08-14 08:42:48,493 [restartedMain] org.hibernate.jpa.internal.util.LogHelper  - HHH000204: Processing PersistenceUnitInfo [
	name: default
	...]
INFO    2018-08-14 08:42:48,520 [restartedMain] org.hibernate.dialect.Dialect  - HHH000400: Using dialect: org.hibernate.dialect.Oracle10gDialect
WARN    2018-08-14 08:42:48,738 [restartedMain] org.hibernate.orm.deprecation  - HHH90000014: Found use of deprecated [org.hibernate.id.SequenceHiLoGenerator] sequence-based id generator; use org.hibernate.id.enhanced.SequenceStyleGenerator instead.  See Hibernate Domain Model Mapping Guide for details.
WARN    2018-08-14 08:42:48,738 [restartedMain] org.hibernate.orm.deprecation  - HHH90000014: Found use of deprecated [org.hibernate.id.SequenceHiLoGenerator] sequence-based id generator; use org.hibernate.id.enhanced.SequenceStyleGenerator instead.  See Hibernate Domain Model Mapping Guide for details.
WARN    2018-08-14 08:42:48,738 [restartedMain] org.hibernate.orm.deprecation  - HHH90000014: Found use of deprecated [org.hibernate.id.SequenceHiLoGenerator] sequence-based id generator; use org.hibernate.id.enhanced.SequenceStyleGenerator instead.  See Hibernate Domain Model Mapping Guide for details.
WARN    2018-08-14 08:42:48,738 [restartedMain] org.hibernate.orm.deprecation  - HHH90000014: Found use of deprecated [org.hibernate.id.SequenceHiLoGenerator] sequence-based id generator; use org.hibernate.id.enhanced.SequenceStyleGenerator instead.  See Hibernate Domain Model Mapping Guide for details.
WARN    2018-08-14 08:42:48,738 [restartedMain] org.hibernate.orm.deprecation  - HHH90000014: Found use of deprecated [org.hibernate.id.SequenceHiLoGenerator] sequence-based id generator; use org.hibernate.id.enhanced.SequenceStyleGenerator instead.  See Hibernate Domain Model Mapping Guide for details.
WARN    2018-08-14 08:42:48,738 [restartedMain] org.hibernate.orm.deprecation  - HHH90000014: Found use of deprecated [org.hibernate.id.SequenceHiLoGenerator] sequence-based id generator; use org.hibernate.id.enhanced.SequenceStyleGenerator instead.  See Hibernate Domain Model Mapping Guide for details.
WARN    2018-08-14 08:42:48,738 [restartedMain] org.hibernate.orm.deprecation  - HHH90000014: Found use of deprecated [org.hibernate.id.SequenceHiLoGenerator] sequence-based id generator; use org.hibernate.id.enhanced.SequenceStyleGenerator instead.  See Hibernate Domain Model Mapping Guide for details.
WARN    2018-08-14 08:42:48,738 [restartedMain] org.hibernate.orm.deprecation  - HHH90000014: Found use of deprecated [org.hibernate.id.SequenceHiLoGenerator] sequence-based id generator; use org.hibernate.id.enhanced.SequenceStyleGenerator instead.  See Hibernate Domain Model Mapping Guide for details.
WARN    2018-08-14 08:42:48,738 [restartedMain] org.hibernate.orm.deprecation  - HHH90000014: Found use of deprecated [org.hibernate.id.SequenceHiLoGenerator] sequence-based id generator; use org.hibernate.id.enhanced.SequenceStyleGenerator instead.  See Hibernate Domain Model Mapping Guide for details.
WARN    2018-08-14 08:42:48,738 [restartedMain] org.hibernate.orm.deprecation  - HHH90000014: Found use of deprecated [org.hibernate.id.SequenceHiLoGenerator] sequence-based id generator; use org.hibernate.id.enhanced.SequenceStyleGenerator instead.  See Hibernate Domain Model Mapping Guide for details.
INFO    2018-08-14 08:42:57,808 [restartedMain] org.hibernate.jpa.internal.util.LogHelper  - HHH000204: Processing PersistenceUnitInfo [
	name: default
	...]
INFO    2018-08-14 08:42:57,829 [restartedMain] org.hibernate.dialect.Dialect  - HHH000400: Using dialect: org.hibernate.dialect.Oracle10gDialect
WARN    2018-08-14 08:42:58,047 [restartedMain] org.hibernate.orm.deprecation  - HHH90000014: Found use of deprecated [org.hibernate.id.SequenceHiLoGenerator] sequence-based id generator; use org.hibernate.id.enhanced.SequenceStyleGenerator instead.  See Hibernate Domain Model Mapping Guide for details.
WARN    2018-08-14 08:42:58,047 [restartedMain] org.hibernate.orm.deprecation  - HHH90000014: Found use of deprecated [org.hibernate.id.SequenceHiLoGenerator] sequence-based id generator; use org.hibernate.id.enhanced.SequenceStyleGenerator instead.  See Hibernate Domain Model Mapping Guide for details.
WARN    2018-08-14 08:42:58,047 [restartedMain] org.hibernate.orm.deprecation  - HHH90000014: Found use of deprecated [org.hibernate.id.SequenceHiLoGenerator] sequence-based id generator; use org.hibernate.id.enhanced.SequenceStyleGenerator instead.  See Hibernate Domain Model Mapping Guide for details.
WARN    2018-08-14 08:42:58,047 [restartedMain] org.hibernate.orm.deprecation  - HHH90000014: Found use of deprecated [org.hibernate.id.SequenceHiLoGenerator] sequence-based id generator; use org.hibernate.id.enhanced.SequenceStyleGenerator instead.  See Hibernate Domain Model Mapping Guide for details.
WARN    2018-08-14 08:42:58,047 [restartedMain] org.hibernate.orm.deprecation  - HHH90000014: Found use of deprecated [org.hibernate.id.SequenceHiLoGenerator] sequence-based id generator; use org.hibernate.id.enhanced.SequenceStyleGenerator instead.  See Hibernate Domain Model Mapping Guide for details.
WARN    2018-08-14 08:42:58,047 [restartedMain] org.hibernate.orm.deprecation  - HHH90000014: Found use of deprecated [org.hibernate.id.SequenceHiLoGenerator] sequence-based id generator; use org.hibernate.id.enhanced.SequenceStyleGenerator instead.  See Hibernate Domain Model Mapping Guide for details.
WARN    2018-08-14 08:42:58,047 [restartedMain] org.hibernate.orm.deprecation  - HHH90000014: Found use of deprecated [org.hibernate.id.SequenceHiLoGenerator] sequence-based id generator; use org.hibernate.id.enhanced.SequenceStyleGenerator instead.  See Hibernate Domain Model Mapping Guide for details.
WARN    2018-08-14 08:42:58,047 [restartedMain] org.hibernate.orm.deprecation  - HHH90000014: Found use of deprecated [org.hibernate.id.SequenceHiLoGenerator] sequence-based id generator; use org.hibernate.id.enhanced.SequenceStyleGenerator instead.  See Hibernate Domain Model Mapping Guide for details.
WARN    2018-08-14 08:42:58,047 [restartedMain] org.hibernate.orm.deprecation  - HHH90000014: Found use of deprecated [org.hibernate.id.SequenceHiLoGenerator] sequence-based id generator; use org.hibernate.id.enhanced.SequenceStyleGenerator instead.  See Hibernate Domain Model Mapping Guide for details.
WARN    2018-08-14 08:42:58,047 [restartedMain] org.hibernate.orm.deprecation  - HHH90000014: Found use of deprecated [org.hibernate.id.SequenceHiLoGenerator] sequence-based id generator; use org.hibernate.id.enhanced.SequenceStyleGenerator instead.  See Hibernate Domain Model Mapping Guide for details.
INFO    2018-08-14 08:44:03,889 [background-preinit] org.hibernate.validator.internal.util.Version  - HV000001: Hibernate Validator 5.3.6.Final
INFO    2018-08-14 08:44:10,279 [restartedMain] org.hibernate.jpa.internal.util.LogHelper  - HHH000204: Processing PersistenceUnitInfo [
	name: default
	...]
INFO    2018-08-14 08:44:10,358 [restartedMain] org.hibernate.Version  - HHH000412: Hibernate Core {5.0.12.Final}
INFO    2018-08-14 08:44:10,358 [restartedMain] org.hibernate.cfg.Environment  - HHH000206: hibernate.properties not found
INFO    2018-08-14 08:44:10,358 [restartedMain] org.hibernate.cfg.Environment  - HHH000021: Bytecode provider name : javassist
INFO    2018-08-14 08:44:10,435 [restartedMain] org.hibernate.annotations.common.Version  - HCANN000001: Hibernate Commons Annotations {5.0.1.Final}
INFO    2018-08-14 08:44:10,576 [restartedMain] org.hibernate.dialect.Dialect  - HHH000400: Using dialect: org.hibernate.dialect.Oracle10gDialect
WARN    2018-08-14 08:44:11,154 [restartedMain] org.hibernate.orm.deprecation  - HHH90000014: Found use of deprecated [org.hibernate.id.SequenceHiLoGenerator] sequence-based id generator; use org.hibernate.id.enhanced.SequenceStyleGenerator instead.  See Hibernate Domain Model Mapping Guide for details.
WARN    2018-08-14 08:44:11,170 [restartedMain] org.hibernate.orm.deprecation  - HHH90000014: Found use of deprecated [org.hibernate.id.SequenceHiLoGenerator] sequence-based id generator; use org.hibernate.id.enhanced.SequenceStyleGenerator instead.  See Hibernate Domain Model Mapping Guide for details.
WARN    2018-08-14 08:44:11,170 [restartedMain] org.hibernate.orm.deprecation  - HHH90000014: Found use of deprecated [org.hibernate.id.SequenceHiLoGenerator] sequence-based id generator; use org.hibernate.id.enhanced.SequenceStyleGenerator instead.  See Hibernate Domain Model Mapping Guide for details.
WARN    2018-08-14 08:44:11,170 [restartedMain] org.hibernate.orm.deprecation  - HHH90000014: Found use of deprecated [org.hibernate.id.SequenceHiLoGenerator] sequence-based id generator; use org.hibernate.id.enhanced.SequenceStyleGenerator instead.  See Hibernate Domain Model Mapping Guide for details.
WARN    2018-08-14 08:44:11,170 [restartedMain] org.hibernate.orm.deprecation  - HHH90000014: Found use of deprecated [org.hibernate.id.SequenceHiLoGenerator] sequence-based id generator; use org.hibernate.id.enhanced.SequenceStyleGenerator instead.  See Hibernate Domain Model Mapping Guide for details.
WARN    2018-08-14 08:44:11,170 [restartedMain] org.hibernate.orm.deprecation  - HHH90000014: Found use of deprecated [org.hibernate.id.SequenceHiLoGenerator] sequence-based id generator; use org.hibernate.id.enhanced.SequenceStyleGenerator instead.  See Hibernate Domain Model Mapping Guide for details.
WARN    2018-08-14 08:44:11,170 [restartedMain] org.hibernate.orm.deprecation  - HHH90000014: Found use of deprecated [org.hibernate.id.SequenceHiLoGenerator] sequence-based id generator; use org.hibernate.id.enhanced.SequenceStyleGenerator instead.  See Hibernate Domain Model Mapping Guide for details.
WARN    2018-08-14 08:44:11,170 [restartedMain] org.hibernate.orm.deprecation  - HHH90000014: Found use of deprecated [org.hibernate.id.SequenceHiLoGenerator] sequence-based id generator; use org.hibernate.id.enhanced.SequenceStyleGenerator instead.  See Hibernate Domain Model Mapping Guide for details.
WARN    2018-08-14 08:44:11,170 [restartedMain] org.hibernate.orm.deprecation  - HHH90000014: Found use of deprecated [org.hibernate.id.SequenceHiLoGenerator] sequence-based id generator; use org.hibernate.id.enhanced.SequenceStyleGenerator instead.  See Hibernate Domain Model Mapping Guide for details.
WARN    2018-08-14 08:44:11,170 [restartedMain] org.hibernate.orm.deprecation  - HHH90000014: Found use of deprecated [org.hibernate.id.SequenceHiLoGenerator] sequence-based id generator; use org.hibernate.id.enhanced.SequenceStyleGenerator instead.  See Hibernate Domain Model Mapping Guide for details.
INFO    2018-08-14 10:17:09,710 [background-preinit] org.hibernate.validator.internal.util.Version  - HV000001: Hibernate Validator 5.3.6.Final
INFO    2018-08-14 10:18:12,822 [restartedMain] org.hibernate.jpa.internal.util.LogHelper  - HHH000204: Processing PersistenceUnitInfo [
	name: default
	...]
INFO    2018-08-14 10:18:12,953 [restartedMain] org.hibernate.Version  - HHH000412: Hibernate Core {5.0.12.Final}
INFO    2018-08-14 10:18:12,954 [restartedMain] org.hibernate.cfg.Environment  - HHH000206: hibernate.properties not found
INFO    2018-08-14 10:18:12,955 [restartedMain] org.hibernate.cfg.Environment  - HHH000021: Bytecode provider name : javassist
INFO    2018-08-14 10:18:13,016 [restartedMain] org.hibernate.annotations.common.Version  - HCANN000001: Hibernate Commons Annotations {5.0.1.Final}
INFO    2018-08-14 10:18:13,181 [restartedMain] org.hibernate.dialect.Dialect  - HHH000400: Using dialect: org.hibernate.dialect.Oracle10gDialect
WARN    2018-08-14 10:18:13,770 [restartedMain] org.hibernate.orm.deprecation  - HHH90000014: Found use of deprecated [org.hibernate.id.SequenceHiLoGenerator] sequence-based id generator; use org.hibernate.id.enhanced.SequenceStyleGenerator instead.  See Hibernate Domain Model Mapping Guide for details.
WARN    2018-08-14 10:18:13,775 [restartedMain] org.hibernate.orm.deprecation  - HHH90000014: Found use of deprecated [org.hibernate.id.SequenceHiLoGenerator] sequence-based id generator; use org.hibernate.id.enhanced.SequenceStyleGenerator instead.  See Hibernate Domain Model Mapping Guide for details.
WARN    2018-08-14 10:18:13,775 [restartedMain] org.hibernate.orm.deprecation  - HHH90000014: Found use of deprecated [org.hibernate.id.SequenceHiLoGenerator] sequence-based id generator; use org.hibernate.id.enhanced.SequenceStyleGenerator instead.  See Hibernate Domain Model Mapping Guide for details.
WARN    2018-08-14 10:18:13,776 [restartedMain] org.hibernate.orm.deprecation  - HHH90000014: Found use of deprecated [org.hibernate.id.SequenceHiLoGenerator] sequence-based id generator; use org.hibernate.id.enhanced.SequenceStyleGenerator instead.  See Hibernate Domain Model Mapping Guide for details.
WARN    2018-08-14 10:18:13,776 [restartedMain] org.hibernate.orm.deprecation  - HHH90000014: Found use of deprecated [org.hibernate.id.SequenceHiLoGenerator] sequence-based id generator; use org.hibernate.id.enhanced.SequenceStyleGenerator instead.  See Hibernate Domain Model Mapping Guide for details.
WARN    2018-08-14 10:18:13,776 [restartedMain] org.hibernate.orm.deprecation  - HHH90000014: Found use of deprecated [org.hibernate.id.SequenceHiLoGenerator] sequence-based id generator; use org.hibernate.id.enhanced.SequenceStyleGenerator instead.  See Hibernate Domain Model Mapping Guide for details.
WARN    2018-08-14 10:18:13,776 [restartedMain] org.hibernate.orm.deprecation  - HHH90000014: Found use of deprecated [org.hibernate.id.SequenceHiLoGenerator] sequence-based id generator; use org.hibernate.id.enhanced.SequenceStyleGenerator instead.  See Hibernate Domain Model Mapping Guide for details.
WARN    2018-08-14 10:18:13,776 [restartedMain] org.hibernate.orm.deprecation  - HHH90000014: Found use of deprecated [org.hibernate.id.SequenceHiLoGenerator] sequence-based id generator; use org.hibernate.id.enhanced.SequenceStyleGenerator instead.  See Hibernate Domain Model Mapping Guide for details.
WARN    2018-08-14 10:18:13,776 [restartedMain] org.hibernate.orm.deprecation  - HHH90000014: Found use of deprecated [org.hibernate.id.SequenceHiLoGenerator] sequence-based id generator; use org.hibernate.id.enhanced.SequenceStyleGenerator instead.  See Hibernate Domain Model Mapping Guide for details.
WARN    2018-08-14 10:18:13,776 [restartedMain] org.hibernate.orm.deprecation  - HHH90000014: Found use of deprecated [org.hibernate.id.SequenceHiLoGenerator] sequence-based id generator; use org.hibernate.id.enhanced.SequenceStyleGenerator instead.  See Hibernate Domain Model Mapping Guide for details.
